build/app/intermediates/manifest_merge_blame_file/release/manifest-merger-blame-release-report.txt
1<?xml version="1.0" encoding="utf-8"?>
2<manifest xmlns:android="http://schemas.android.com/apk/res/android"
3    package="com.aay.groc"
4    android:versionCode="1"
5    android:versionName="1.0.0" >
6
7    <uses-sdk
8        android:minSdkVersion="21"
8-->src/main/AndroidManifest.xml
9        android:targetSdkVersion="28" />
9-->src/main/AndroidManifest.xml
10
11    <uses-permission android:name="android.permission.ACCESS_NETWORK_STATE" />
11-->[:firebase_analytics] AndroidManifest.xml:7:5-79
11-->[:firebase_analytics] AndroidManifest.xml:7:22-76
12    <uses-permission android:name="android.permission.INTERNET" />
12-->[:firebase_analytics] AndroidManifest.xml:8:5-67
12-->[:firebase_analytics] AndroidManifest.xml:8:22-64
13    <uses-permission android:name="android.permission.WAKE_LOCK" />
13-->[:firebase_analytics] AndroidManifest.xml:9:5-68
13-->[:firebase_analytics] AndroidManifest.xml:9:22-65
14    <uses-permission android:name="android.permission.READ_EXTERNAL_STORAGE" />
14-->[:image_picker] AndroidManifest.xml:7:5-80
14-->[:image_picker] AndroidManifest.xml:7:22-77
15    <uses-permission android:name="android.permission.WRITE_EXTERNAL_STORAGE" /> <!-- Required by older versions of Google Play services to create IID tokens -->
15-->[:image_picker] AndroidManifest.xml:8:5-81
15-->[:image_picker] AndroidManifest.xml:8:22-78
16    <uses-permission android:name="com.google.android.c2dm.permission.RECEIVE" />
16-->[com.google.firebase:firebase-messaging:21.1.0] AndroidManifest.xml:25:5-82
16-->[com.google.firebase:firebase-messaging:21.1.0] AndroidManifest.xml:25:22-79
17    <uses-permission android:name="com.google.android.finsky.permission.BIND_GET_INSTALL_REFERRER_SERVICE" />
17-->[com.google.android.gms:play-services-measurement:18.0.3] AndroidManifest.xml:26:5-110
17-->[com.google.android.gms:play-services-measurement:18.0.3] AndroidManifest.xml:26:22-107
18    <!--
19 io.flutter.app.FlutterApplication is an android.app.Application that
20         calls FlutterMain.startInitialization(this); in its onCreate method.
21         In most cases you can leave this as-is, but you if you want to provide
22         additional functionality it is fine to subclass or reimplement
23         FlutterApplication and put your custom class here.
24    -->
25    <application
25-->src/main/AndroidManifest.xml:9:5-44:19
26        android:appComponentFactory="androidx.core.app.CoreComponentFactory"
26-->[androidx.core:core:1.1.0] AndroidManifest.xml:24:18-86
27        android:icon="@mipmap/ic_launcher"
27-->src/main/AndroidManifest.xml:11:9-43
28        android:label="grocery_home" >
28-->src/main/AndroidManifest.xml:10:9-37
29        <activity
29-->src/main/AndroidManifest.xml:12:9-43:20
30            android:name="com.aay.groc.MainActivity"
30-->src/main/AndroidManifest.xml:13:13-41
31            android:configChanges="orientation|keyboardHidden|keyboard|screenSize|locale|layoutDirection|fontScale|screenLayout|density|uiMode"
31-->src/main/AndroidManifest.xml:16:13-144
32            android:hardwareAccelerated="true"
32-->src/main/AndroidManifest.xml:17:13-47
33            android:launchMode="singleTop"
33-->src/main/AndroidManifest.xml:14:13-43
34            android:theme="@style/NormalTheme"
34-->src/main/AndroidManifest.xml:15:13-47
35            android:windowSoftInputMode="adjustResize" >
35-->src/main/AndroidManifest.xml:18:13-55
36            <meta-data
36-->src/main/AndroidManifest.xml:19:13-21:37
37                android:name="flutterEmbedding"
37-->src/main/AndroidManifest.xml:20:17-48
38                android:value="2" />
38-->src/main/AndroidManifest.xml:21:17-34
39            <!--
40                 This keeps the window background of the activity showing
41                 until Flutter renders its first frame. It can be removed if
42                 there is no splash screen (such as the default splash screen
43                 defined in @style/LaunchTheme).
44            -->
45            <meta-data
45-->src/main/AndroidManifest.xml:26:13-28:67
46                android:name="io.flutter.embedding.android.SplashScreenDrawable"
46-->src/main/AndroidManifest.xml:27:18-82
47                android:resource="@drawable/launch_background" />
47-->src/main/AndroidManifest.xml:28:18-64
48
49            <!-- Theme to apply as soon as Flutter begins rendering frames -->
50            <meta-data
50-->src/main/AndroidManifest.xml:31:13-34:20
51                android:name="io.flutter.embedding.android.NormalTheme"
51-->src/main/AndroidManifest.xml:32:18-73
52                android:resource="@style/NormalTheme" />
52-->src/main/AndroidManifest.xml:33:18-55
53
54            <intent-filter>
54-->src/main/AndroidManifest.xml:35:13-38:29
55                <action android:name="android.intent.action.MAIN" />
55-->src/main/AndroidManifest.xml:36:17-68
55-->src/main/AndroidManifest.xml:36:25-66
56
57                <category android:name="android.intent.category.LAUNCHER" />
57-->src/main/AndroidManifest.xml:37:17-76
57-->src/main/AndroidManifest.xml:37:27-74
58            </intent-filter>
59            <intent-filter>
59-->src/main/AndroidManifest.xml:39:13-42:29
60                <action android:name="FLUTTER_NOTIFICATION_CLICK" />
60-->src/main/AndroidManifest.xml:40:17-68
60-->src/main/AndroidManifest.xml:40:25-66
61
62                <category android:name="android.intent.category.DEFAULT" />
62-->src/main/AndroidManifest.xml:41:17-75
62-->src/main/AndroidManifest.xml:41:27-73
63            </intent-filter>
64        </activity>
65
66        <service
66-->[:firebase_analytics] AndroidManifest.xml:12:9-16:19
67            android:name="com.google.firebase.components.ComponentDiscoveryService"
67-->[:firebase_analytics] AndroidManifest.xml:12:18-89
68            android:directBootAware="true"
68-->[com.google.firebase:firebase-common:19.5.0] AndroidManifest.xml:35:13-43
69            android:exported="false" >
69-->[com.google.firebase:firebase-messaging:21.1.0] AndroidManifest.xml:51:13-37
70            <meta-data
70-->[:firebase_analytics] AndroidManifest.xml:13:13-15:85
71                android:name="com.google.firebase.components:io.flutter.plugins.firebaseanalytics.FlutterFirebaseAppRegistrar"
71-->[:firebase_analytics] AndroidManifest.xml:14:17-127
72                android:value="com.google.firebase.components.ComponentRegistrar" />
72-->[:firebase_analytics] AndroidManifest.xml:15:17-82
73            <meta-data
73-->[:firebase_auth] AndroidManifest.xml:9:13-11:85
74                android:name="com.google.firebase.components:io.flutter.plugins.firebase.auth.FlutterFirebaseAuthRegistrar"
74-->[:firebase_auth] AndroidManifest.xml:10:17-124
75                android:value="com.google.firebase.components.ComponentRegistrar" />
75-->[:firebase_auth] AndroidManifest.xml:11:17-82
76            <meta-data
76-->[:firebase_storage] AndroidManifest.xml:9:13-11:85
77                android:name="com.google.firebase.components:io.flutter.plugins.firebase.storage.FlutterFirebaseAppRegistrar"
77-->[:firebase_storage] AndroidManifest.xml:10:17-126
78                android:value="com.google.firebase.components.ComponentRegistrar" />
78-->[:firebase_storage] AndroidManifest.xml:11:17-82
79            <meta-data
79-->[:cloud_firestore] AndroidManifest.xml:9:13-11:85
80                android:name="com.google.firebase.components:io.flutter.plugins.firebase.firestore.FlutterFirebaseFirestoreRegistrar"
80-->[:cloud_firestore] AndroidManifest.xml:10:17-134
81                android:value="com.google.firebase.components.ComponentRegistrar" />
81-->[:cloud_firestore] AndroidManifest.xml:11:17-82
82            <meta-data
82-->[:firebase_messaging] AndroidManifest.xml:14:13-16:85
83                android:name="com.google.firebase.components:io.flutter.plugins.firebasemessaging.FlutterFirebaseAppRegistrar"
83-->[:firebase_messaging] AndroidManifest.xml:15:17-127
84                android:value="com.google.firebase.components.ComponentRegistrar" />
84-->[:firebase_messaging] AndroidManifest.xml:16:17-82
85            <meta-data
85-->[:firebase_core] AndroidManifest.xml:9:13-11:85
86                android:name="com.google.firebase.components:io.flutter.plugins.firebase.core.FlutterFirebaseCoreRegistrar"
86-->[:firebase_core] AndroidManifest.xml:10:17-124
87                android:value="com.google.firebase.components.ComponentRegistrar" />
87-->[:firebase_core] AndroidManifest.xml:11:17-82
88            <meta-data
88-->[com.google.firebase:firebase-messaging:21.1.0] AndroidManifest.xml:52:13-54:85
89                android:name="com.google.firebase.components:com.google.firebase.messaging.FirebaseMessagingRegistrar"
89-->[com.google.firebase:firebase-messaging:21.1.0] AndroidManifest.xml:53:17-119
90                android:value="com.google.firebase.components.ComponentRegistrar" />
90-->[com.google.firebase:firebase-messaging:21.1.0] AndroidManifest.xml:54:17-82
91            <meta-data
91-->[com.google.firebase:firebase-datatransport:17.0.10] AndroidManifest.xml:28:13-30:85
92                android:name="com.google.firebase.components:com.google.firebase.datatransport.TransportRegistrar"
92-->[com.google.firebase:firebase-datatransport:17.0.10] AndroidManifest.xml:29:17-115
93                android:value="com.google.firebase.components.ComponentRegistrar" />
93-->[com.google.firebase:firebase-datatransport:17.0.10] AndroidManifest.xml:30:17-82
94            <meta-data
94-->[com.google.firebase:firebase-auth:20.0.4] AndroidManifest.xml:77:13-79:85
95                android:name="com.google.firebase.components:com.google.firebase.auth.FirebaseAuthRegistrar"
95-->[com.google.firebase:firebase-auth:20.0.4] AndroidManifest.xml:78:17-109
96                android:value="com.google.firebase.components.ComponentRegistrar" />
96-->[com.google.firebase:firebase-auth:20.0.4] AndroidManifest.xml:79:17-82
97            <meta-data
97-->[com.google.firebase:firebase-iid:21.1.0] AndroidManifest.xml:32:13-34:85
98                android:name="com.google.firebase.components:com.google.firebase.iid.Registrar"
98-->[com.google.firebase:firebase-iid:21.1.0] AndroidManifest.xml:33:17-96
99                android:value="com.google.firebase.components.ComponentRegistrar" />
99-->[com.google.firebase:firebase-iid:21.1.0] AndroidManifest.xml:34:17-82
100            <meta-data
100-->[com.google.firebase:firebase-firestore:22.1.2] AndroidManifest.xml:20:13-22:85
101                android:name="com.google.firebase.components:com.google.firebase.firestore.FirestoreRegistrar"
101-->[com.google.firebase:firebase-firestore:22.1.2] AndroidManifest.xml:21:17-111
102                android:value="com.google.firebase.components.ComponentRegistrar" />
102-->[com.google.firebase:firebase-firestore:22.1.2] AndroidManifest.xml:22:17-82
103            <meta-data
103-->[com.google.firebase:firebase-storage:19.2.2] AndroidManifest.xml:33:13-35:85
104                android:name="com.google.firebase.components:com.google.firebase.storage.StorageRegistrar"
104-->[com.google.firebase:firebase-storage:19.2.2] AndroidManifest.xml:34:17-107
105                android:value="com.google.firebase.components.ComponentRegistrar" />
105-->[com.google.firebase:firebase-storage:19.2.2] AndroidManifest.xml:35:17-82
106            <meta-data
106-->[com.google.android.gms:play-services-measurement-api:18.0.3] AndroidManifest.xml:30:13-32:85
107                android:name="com.google.firebase.components:com.google.firebase.analytics.connector.internal.AnalyticsConnectorRegistrar"
107-->[com.google.android.gms:play-services-measurement-api:18.0.3] AndroidManifest.xml:31:17-139
108                android:value="com.google.firebase.components.ComponentRegistrar" />
108-->[com.google.android.gms:play-services-measurement-api:18.0.3] AndroidManifest.xml:32:17-82
109            <meta-data
109-->[com.google.firebase:firebase-installations:16.3.5] AndroidManifest.xml:18:13-20:85
110                android:name="com.google.firebase.components:com.google.firebase.installations.FirebaseInstallationsRegistrar"
110-->[com.google.firebase:firebase-installations:16.3.5] AndroidManifest.xml:19:17-127
111                android:value="com.google.firebase.components.ComponentRegistrar" />
111-->[com.google.firebase:firebase-installations:16.3.5] AndroidManifest.xml:20:17-82
112            <!--
113                This registrar is not defined in the dynamic-module-support sdk itself to allow non-firebase
114                clients to use it as well, by defining this registrar in their own core/common library.
115            -->
116            <meta-data
116-->[com.google.firebase:firebase-common:19.5.0] AndroidManifest.xml:43:13-45:85
117                android:name="com.google.firebase.components:com.google.firebase.dynamicloading.DynamicLoadingRegistrar"
117-->[com.google.firebase:firebase-common:19.5.0] AndroidManifest.xml:44:17-121
118                android:value="com.google.firebase.components.ComponentRegistrar" />
118-->[com.google.firebase:firebase-common:19.5.0] AndroidManifest.xml:45:17-82
119        </service>
120        <service android:name="io.flutter.plugins.firebasemessaging.FlutterFirebaseMessagingService" >
120-->[:firebase_messaging] AndroidManifest.xml:8:9-12:19
120-->[:firebase_messaging] AndroidManifest.xml:8:18-101
121            <intent-filter>
121-->[:firebase_messaging] AndroidManifest.xml:9:13-11:29
122                <action android:name="com.google.firebase.MESSAGING_EVENT" />
122-->[:firebase_messaging] AndroidManifest.xml:10:17-78
122-->[:firebase_messaging] AndroidManifest.xml:10:25-75
123            </intent-filter>
124        </service>
125
126        <provider
126-->[:image_picker] AndroidManifest.xml:11:9-19:20
127            android:name="io.flutter.plugins.imagepicker.ImagePickerFileProvider"
127-->[:image_picker] AndroidManifest.xml:12:13-82
128            android:authorities="com.aay.groc.flutter.image_provider"
128-->[:image_picker] AndroidManifest.xml:13:13-74
129            android:exported="false"
129-->[:image_picker] AndroidManifest.xml:14:13-37
130            android:grantUriPermissions="true" >
130-->[:image_picker] AndroidManifest.xml:15:13-47
131            <meta-data
131-->[:image_picker] AndroidManifest.xml:16:13-18:75
132                android:name="android.support.FILE_PROVIDER_PATHS"
132-->[:image_picker] AndroidManifest.xml:17:17-67
133                android:resource="@xml/flutter_image_picker_file_paths" />
133-->[:image_picker] AndroidManifest.xml:18:17-72
134        </provider>
135
136        <activity
136-->[:razorpay_flutter] AndroidManifest.xml:8:9-11:20
137            android:name="com.razorpay.CheckoutActivity"
137-->[:razorpay_flutter] AndroidManifest.xml:9:13-57
138            android:configChanges="keyboard|keyboardHidden|orientation|screenSize"
138-->[com.razorpay:checkout:1.6.6] AndroidManifest.xml:20:13-83
139            android:label="Razorpay Checkout"
139-->[:razorpay_flutter] AndroidManifest.xml:10:13-46
140            android:theme="@style/CheckoutTheme" >
140-->[com.razorpay:checkout:1.6.6] AndroidManifest.xml:21:13-49
141            <intent-filter>
141-->[com.razorpay:checkout:1.6.6] AndroidManifest.xml:22:13-28:29
142                <action android:name="android.intent.action.MAIN" />
142-->src/main/AndroidManifest.xml:36:17-68
142-->src/main/AndroidManifest.xml:36:25-66
143
144                <data
144-->[com.google.firebase:firebase-auth:20.0.4] AndroidManifest.xml:39:17-42:51
145                    android:host="rzp.io"
145-->[com.google.firebase:firebase-auth:20.0.4] AndroidManifest.xml:40:21-49
146                    android:scheme="io.rzp" />
146-->[com.google.firebase:firebase-auth:20.0.4] AndroidManifest.xml:42:21-48
147            </intent-filter>
148        </activity>
149
150        <receiver
150-->[com.google.firebase:firebase-messaging:21.1.0] AndroidManifest.xml:28:9-35:20
151            android:name="com.google.firebase.iid.FirebaseInstanceIdReceiver"
151-->[com.google.firebase:firebase-messaging:21.1.0] AndroidManifest.xml:29:13-78
152            android:exported="true"
152-->[com.google.firebase:firebase-messaging:21.1.0] AndroidManifest.xml:30:13-36
153            android:permission="com.google.android.c2dm.permission.SEND" >
153-->[com.google.firebase:firebase-messaging:21.1.0] AndroidManifest.xml:31:13-73
154            <intent-filter>
154-->[com.google.firebase:firebase-messaging:21.1.0] AndroidManifest.xml:32:13-34:29
155                <action android:name="com.google.android.c2dm.intent.RECEIVE" />
155-->[com.google.firebase:firebase-messaging:21.1.0] AndroidManifest.xml:33:17-81
155-->[com.google.firebase:firebase-messaging:21.1.0] AndroidManifest.xml:33:25-78
156            </intent-filter>
157        </receiver>
158        <!--
159             FirebaseMessagingService performs security checks at runtime,
160             but set to not exported to explicitly avoid allowing another app to call it.
161        -->
162        <service
162-->[com.google.firebase:firebase-messaging:21.1.0] AndroidManifest.xml:41:9-48:19
163            android:name="com.google.firebase.messaging.FirebaseMessagingService"
163-->[com.google.firebase:firebase-messaging:21.1.0] AndroidManifest.xml:42:13-82
164            android:directBootAware="true"
164-->[com.google.firebase:firebase-messaging:21.1.0] AndroidManifest.xml:43:13-43
165            android:exported="false" >
165-->[com.google.firebase:firebase-messaging:21.1.0] AndroidManifest.xml:44:13-37
166            <intent-filter android:priority="-500" >
166-->[:firebase_messaging] AndroidManifest.xml:9:13-11:29
167                <action android:name="com.google.firebase.MESSAGING_EVENT" />
167-->[:firebase_messaging] AndroidManifest.xml:10:17-78
167-->[:firebase_messaging] AndroidManifest.xml:10:25-75
168            </intent-filter>
169        </service>
170        <service
170-->[com.google.android.datatransport:transport-backend-cct:2.3.3] AndroidManifest.xml:29:9-35:19
171            android:name="com.google.android.datatransport.runtime.backends.TransportBackendDiscovery"
171-->[com.google.android.datatransport:transport-backend-cct:2.3.3] AndroidManifest.xml:30:13-103
172            android:exported="false" >
172-->[com.google.android.datatransport:transport-backend-cct:2.3.3] AndroidManifest.xml:31:13-37
173            <meta-data
173-->[com.google.android.datatransport:transport-backend-cct:2.3.3] AndroidManifest.xml:32:13-34:39
174                android:name="backend:com.google.android.datatransport.cct.CctBackendFactory"
174-->[com.google.android.datatransport:transport-backend-cct:2.3.3] AndroidManifest.xml:33:17-94
175                android:value="cct" />
175-->[com.google.android.datatransport:transport-backend-cct:2.3.3] AndroidManifest.xml:34:17-36
176        </service>
177
178        <activity
178-->[com.google.firebase:firebase-auth:20.0.4] AndroidManifest.xml:27:9-44:20
179            android:name="com.google.firebase.auth.internal.GenericIdpActivity"
179-->[com.google.firebase:firebase-auth:20.0.4] AndroidManifest.xml:28:13-80
180            android:excludeFromRecents="true"
180-->[com.google.firebase:firebase-auth:20.0.4] AndroidManifest.xml:29:13-46
181            android:exported="true"
181-->[com.google.firebase:firebase-auth:20.0.4] AndroidManifest.xml:30:13-36
182            android:launchMode="singleTask"
182-->[com.google.firebase:firebase-auth:20.0.4] AndroidManifest.xml:31:13-44
183            android:theme="@android:style/Theme.Translucent.NoTitleBar" >
183-->[com.google.firebase:firebase-auth:20.0.4] AndroidManifest.xml:32:13-72
184            <intent-filter>
184-->[com.google.firebase:firebase-auth:20.0.4] AndroidManifest.xml:33:13-43:29
185                <action android:name="android.intent.action.VIEW" />
185-->[com.google.firebase:firebase-auth:20.0.4] AndroidManifest.xml:34:17-69
185-->[com.google.firebase:firebase-auth:20.0.4] AndroidManifest.xml:34:25-66
186
187                <category android:name="android.intent.category.DEFAULT" />
187-->src/main/AndroidManifest.xml:41:17-75
187-->src/main/AndroidManifest.xml:41:27-73
188                <category android:name="android.intent.category.BROWSABLE" />
188-->[com.google.firebase:firebase-auth:20.0.4] AndroidManifest.xml:37:17-78
188-->[com.google.firebase:firebase-auth:20.0.4] AndroidManifest.xml:37:27-75
189
190                <data
190-->[com.google.firebase:firebase-auth:20.0.4] AndroidManifest.xml:39:17-42:51
191                    android:host="firebase.auth"
191-->[com.google.firebase:firebase-auth:20.0.4] AndroidManifest.xml:40:21-49
192                    android:path="/"
192-->[com.google.firebase:firebase-auth:20.0.4] AndroidManifest.xml:41:21-37
193                    android:scheme="genericidp" />
193-->[com.google.firebase:firebase-auth:20.0.4] AndroidManifest.xml:42:21-48
194            </intent-filter>
195        </activity>
196        <activity
196-->[com.google.firebase:firebase-auth:20.0.4] AndroidManifest.xml:45:9-62:20
197            android:name="com.google.firebase.auth.internal.RecaptchaActivity"
197-->[com.google.firebase:firebase-auth:20.0.4] AndroidManifest.xml:46:13-79
198            android:excludeFromRecents="true"
198-->[com.google.firebase:firebase-auth:20.0.4] AndroidManifest.xml:47:13-46
199            android:exported="true"
199-->[com.google.firebase:firebase-auth:20.0.4] AndroidManifest.xml:48:13-36
200            android:launchMode="singleTask"
200-->[com.google.firebase:firebase-auth:20.0.4] AndroidManifest.xml:49:13-44
201            android:theme="@android:style/Theme.Translucent.NoTitleBar" >
201-->[com.google.firebase:firebase-auth:20.0.4] AndroidManifest.xml:50:13-72
202            <intent-filter>
202-->[com.google.firebase:firebase-auth:20.0.4] AndroidManifest.xml:51:13-61:29
203                <action android:name="android.intent.action.VIEW" />
203-->[com.google.firebase:firebase-auth:20.0.4] AndroidManifest.xml:34:17-69
203-->[com.google.firebase:firebase-auth:20.0.4] AndroidManifest.xml:34:25-66
204
205                <category android:name="android.intent.category.DEFAULT" />
205-->src/main/AndroidManifest.xml:41:17-75
205-->src/main/AndroidManifest.xml:41:27-73
206                <category android:name="android.intent.category.BROWSABLE" />
206-->[com.google.firebase:firebase-auth:20.0.4] AndroidManifest.xml:37:17-78
206-->[com.google.firebase:firebase-auth:20.0.4] AndroidManifest.xml:37:27-75
207
208                <data
208-->[com.google.firebase:firebase-auth:20.0.4] AndroidManifest.xml:39:17-42:51
209                    android:host="firebase.auth"
209-->[com.google.firebase:firebase-auth:20.0.4] AndroidManifest.xml:40:21-49
210                    android:path="/"
210-->[com.google.firebase:firebase-auth:20.0.4] AndroidManifest.xml:41:21-37
211                    android:scheme="recaptcha" />
211-->[com.google.firebase:firebase-auth:20.0.4] AndroidManifest.xml:42:21-48
212            </intent-filter>
213        </activity>
214
215        <service
215-->[com.google.firebase:firebase-auth:20.0.4] AndroidManifest.xml:64:9-73:19
216            android:name="com.google.firebase.auth.api.fallback.service.FirebaseAuthFallbackService"
216-->[com.google.firebase:firebase-auth:20.0.4] AndroidManifest.xml:65:13-101
217            android:enabled="true"
217-->[com.google.firebase:firebase-auth:20.0.4] AndroidManifest.xml:66:13-35
218            android:exported="false" >
218-->[com.google.firebase:firebase-auth:20.0.4] AndroidManifest.xml:67:13-37
219            <intent-filter>
219-->[com.google.firebase:firebase-auth:20.0.4] AndroidManifest.xml:68:13-72:29
220                <action android:name="com.google.firebase.auth.api.gms.service.START" />
220-->[com.google.firebase:firebase-auth:20.0.4] AndroidManifest.xml:69:17-89
220-->[com.google.firebase:firebase-auth:20.0.4] AndroidManifest.xml:69:25-86
221
222                <category android:name="android.intent.category.DEFAULT" />
222-->src/main/AndroidManifest.xml:41:17-75
222-->src/main/AndroidManifest.xml:41:27-73
223            </intent-filter>
224        </service>
225
226        <provider
226-->[com.google.firebase:firebase-common:19.5.0] AndroidManifest.xml:26:9-31:39
227            android:name="com.google.firebase.provider.FirebaseInitProvider"
227-->[com.google.firebase:firebase-common:19.5.0] AndroidManifest.xml:27:13-77
228            android:authorities="com.aay.groc.firebaseinitprovider"
228-->[com.google.firebase:firebase-common:19.5.0] AndroidManifest.xml:28:13-72
229            android:directBootAware="true"
229-->[com.google.firebase:firebase-common:19.5.0] AndroidManifest.xml:29:13-43
230            android:exported="false"
230-->[com.google.firebase:firebase-common:19.5.0] AndroidManifest.xml:30:13-37
231            android:initOrder="100" />
231-->[com.google.firebase:firebase-common:19.5.0] AndroidManifest.xml:31:13-36
232
233        <receiver
233-->[com.google.android.gms:play-services-measurement:18.0.3] AndroidManifest.xml:29:9-33:20
234            android:name="com.google.android.gms.measurement.AppMeasurementReceiver"
234-->[com.google.android.gms:play-services-measurement:18.0.3] AndroidManifest.xml:30:13-85
235            android:enabled="true"
235-->[com.google.android.gms:play-services-measurement:18.0.3] AndroidManifest.xml:31:13-35
236            android:exported="false" >
236-->[com.google.android.gms:play-services-measurement:18.0.3] AndroidManifest.xml:32:13-37
237        </receiver>
238
239        <service
239-->[com.google.android.gms:play-services-measurement:18.0.3] AndroidManifest.xml:35:9-38:40
240            android:name="com.google.android.gms.measurement.AppMeasurementService"
240-->[com.google.android.gms:play-services-measurement:18.0.3] AndroidManifest.xml:36:13-84
241            android:enabled="true"
241-->[com.google.android.gms:play-services-measurement:18.0.3] AndroidManifest.xml:37:13-35
242            android:exported="false" />
242-->[com.google.android.gms:play-services-measurement:18.0.3] AndroidManifest.xml:38:13-37
243        <service
243-->[com.google.android.gms:play-services-measurement:18.0.3] AndroidManifest.xml:39:9-43:72
244            android:name="com.google.android.gms.measurement.AppMeasurementJobService"
244-->[com.google.android.gms:play-services-measurement:18.0.3] AndroidManifest.xml:40:13-87
245            android:enabled="true"
245-->[com.google.android.gms:play-services-measurement:18.0.3] AndroidManifest.xml:41:13-35
246            android:exported="false"
246-->[com.google.android.gms:play-services-measurement:18.0.3] AndroidManifest.xml:42:13-37
247            android:permission="android.permission.BIND_JOB_SERVICE" />
247-->[com.google.android.gms:play-services-measurement:18.0.3] AndroidManifest.xml:43:13-69
248
249        <receiver android:name="com.razorpay.RzpTokenReceiver" >
249-->[com.razorpay:checkout:1.6.6] AndroidManifest.xml:12:9-16:20
249-->[com.razorpay:checkout:1.6.6] AndroidManifest.xml:12:19-63
250            <intent-filter>
250-->[com.razorpay:checkout:1.6.6] AndroidManifest.xml:13:13-15:29
251                <action android:name="rzp.device_token.share" />
251-->[com.razorpay:checkout:1.6.6] AndroidManifest.xml:14:17-65
251-->[com.razorpay:checkout:1.6.6] AndroidManifest.xml:14:25-62
252            </intent-filter>
253        </receiver>
254
255        <activity
255-->[com.google.android.gms:play-services-auth:17.0.0] AndroidManifest.xml:23:9-27:75
256            android:name="com.google.android.gms.auth.api.signin.internal.SignInHubActivity"
256-->[com.google.android.gms:play-services-auth:17.0.0] AndroidManifest.xml:24:13-93
257            android:excludeFromRecents="true"
257-->[com.google.android.gms:play-services-auth:17.0.0] AndroidManifest.xml:25:13-46
258            android:exported="false"
258-->[com.google.android.gms:play-services-auth:17.0.0] AndroidManifest.xml:26:13-37
259            android:theme="@android:style/Theme.Translucent.NoTitleBar" />
259-->[com.google.android.gms:play-services-auth:17.0.0] AndroidManifest.xml:27:13-72
260        <!--
261            Service handling Google Sign-In user revocation. For apps that do not integrate with
262            Google Sign-In, this service will never be started.
263        -->
264        <service
264-->[com.google.android.gms:play-services-auth:17.0.0] AndroidManifest.xml:33:9-36:110
265            android:name="com.google.android.gms.auth.api.signin.RevocationBoundService"
265-->[com.google.android.gms:play-services-auth:17.0.0] AndroidManifest.xml:34:13-89
266            android:exported="true"
266-->[com.google.android.gms:play-services-auth:17.0.0] AndroidManifest.xml:35:13-36
267            android:permission="com.google.android.gms.auth.api.signin.permission.REVOCATION_NOTIFICATION" />
267-->[com.google.android.gms:play-services-auth:17.0.0] AndroidManifest.xml:36:13-107
268
269        <activity
269-->[com.google.android.gms:play-services-base:17.1.0] AndroidManifest.xml:23:9-26:75
270            android:name="com.google.android.gms.common.api.GoogleApiActivity"
270-->[com.google.android.gms:play-services-base:17.1.0] AndroidManifest.xml:24:13-79
271            android:exported="false"
271-->[com.google.android.gms:play-services-base:17.1.0] AndroidManifest.xml:25:13-37
272            android:theme="@android:style/Theme.Translucent.NoTitleBar" />
272-->[com.google.android.gms:play-services-base:17.1.0] AndroidManifest.xml:26:13-72
273
274        <meta-data
274-->[com.google.android.gms:play-services-basement:17.1.0] AndroidManifest.xml:23:9-25:69
275            android:name="com.google.android.gms.version"
275-->[com.google.android.gms:play-services-basement:17.1.0] AndroidManifest.xml:24:13-58
276            android:value="@integer/google_play_services_version" />
276-->[com.google.android.gms:play-services-basement:17.1.0] AndroidManifest.xml:25:13-66
277
278        <service
278-->[com.google.android.datatransport:transport-runtime:2.2.5] AndroidManifest.xml:26:9-30:19